<?xml version="1.0" encoding="UTF-8"?>
<!-- Generated by org.testng.reporters.JUnitReportReporter -->
<testsuite hostname="ELF34-SHRINIDHI-R" failures="0" tests="1" name="MVN_Practice.mvn_practice1Test" time="4.929" errors="0" timestamp="2022-06-12T12:20:12 IST" skipped="0">
  <testcase classname="MVN_Practice.mvn_practice1Test" name="DropdowmTest" time="4.929"/>
  <system-out/>
</testsuite> <!-- MVN_Practice.mvn_practice1Test -->
