<?xml version="1.0" encoding="UTF-8"?>
<!-- Generated by org.testng.reporters.JUnitReportReporter -->
<testsuite hostname="ELF34-SHRINIDHI-R" failures="0" tests="1" name="MVN_Practice.AddtoShopcart" time="13.854" errors="0" timestamp="2022-06-13T09:23:13 IST" skipped="0">
  <testcase classname="MVN_Practice.AddtoShopcart" name="TC" time="13.854"/>
  <system-out/>
</testsuite> <!-- MVN_Practice.AddtoShopcart -->
