<?xml version="1.0" encoding="UTF-8"?>
<!-- Generated by org.testng.reporters.JUnitReportReporter -->
<testsuite hostname="ELF34-SHRINIDHI-R" failures="0" tests="1" name="MVN_Practice.Maven_login" time="0.000" errors="0" timestamp="2022-06-13T12:33:44 IST" skipped="1">
  <testcase classname="MVN_Practice.Maven_login" name="TestCase" time="0.000">
    <skipped/>
  </testcase> <!-- TestCase -->
  <system-out/>
</testsuite> <!-- MVN_Practice.Maven_login -->
