<?xml version="1.0" encoding="UTF-8"?>
<!-- Generated by org.testng.reporters.JUnitReportReporter -->
<testsuite hostname="ELF34-SHRINIDHI-R" failures="0" tests="1" name="MVN_Practice.BaseTest" time="2.142" errors="0" timestamp="2022-06-12T22:10:43 IST" skipped="0">
  <testcase classname="MVN_Practice.BaseTest" name="openbrowser" time="2.142"/>
  <system-out/>
</testsuite> <!-- MVN_Practice.BaseTest -->
