<?xml version="1.0" encoding="UTF-8"?>
<!-- Generated by org.testng.reporters.JUnitReportReporter -->
<testsuite skipped="0" hostname="ELF34-MANOJSHETTY" name="test_Scripts.TScript_023" tests="1" failures="0" timestamp="19 Jun 2022 02:12:02 GMT" time="5.797" errors="0">
  <testcase name="tc_23" time="5.797" classname="test_Scripts.TScript_023"/>
</testsuite> <!-- test_Scripts.TScript_023 -->
