<?xml version="1.0" encoding="UTF-8"?>
<!-- Generated by org.testng.reporters.JUnitReportReporter -->
<testsuite skipped="0" hostname="ELF34-MANOJSHETTY" name="test_Scripts.TScript_10" tests="1" failures="0" timestamp="18 Jun 2022 14:27:45 GMT" time="12.091" errors="0">
  <testcase name="testScript1" time="12.091" classname="test_Scripts.TScript_10"/>
</testsuite> <!-- test_Scripts.TScript_10 -->
