<?xml version="1.0" encoding="UTF-8"?>
<!-- Generated by org.testng.reporters.JUnitReportReporter -->
<testsuite skipped="0" hostname="ELF34-MANOJSHETTY" name="test_Scripts.TestScript4" tests="1" failures="0" timestamp="17 Jun 2022 08:06:51 GMT" time="5.951" errors="0">
  <testcase name="testScript4" time="5.951" classname="test_Scripts.TestScript4"/>
</testsuite> <!-- test_Scripts.TestScript4 -->
