<?xml version="1.0" encoding="UTF-8"?>
<!-- Generated by org.testng.reporters.JUnitReportReporter -->
<testsuite skipped="0" hostname="ELF34-MANOJSHETTY" name="test_Scripts.TScript_021" tests="1" failures="0" timestamp="19 Jun 2022 02:30:27 GMT" time="13.469" errors="0">
  <testcase name="tc_21" time="13.469" classname="test_Scripts.TScript_021"/>
</testsuite> <!-- test_Scripts.TScript_021 -->
