<?xml version="1.0" encoding="UTF-8"?>
<!-- Generated by org.testng.reporters.JUnitReportReporter -->
<testsuite skipped="0" hostname="ELF34-MANOJSHETTY" name="test_Scripts.TestScript1" tests="1" failures="0" timestamp="17 Jun 2022 11:08:38 GMT" time="2.692" errors="0">
  <testcase name="testScript1" time="2.692" classname="test_Scripts.TestScript1"/>
</testsuite> <!-- test_Scripts.TestScript1 -->
