<?xml version="1.0" encoding="UTF-8"?>
<!-- Generated by org.testng.reporters.JUnitReportReporter -->
<testsuite skipped="0" hostname="ELF34-MANOJSHETTY" name="test_Scripts.TestScript2" tests="1" failures="0" timestamp="17 Jun 2022 05:21:51 GMT" time="1.651" errors="0">
  <testcase name="testScript1" time="1.651" classname="test_Scripts.TestScript2"/>
</testsuite> <!-- test_Scripts.TestScript2 -->
