<?xml version="1.0" encoding="UTF-8"?>
<!-- Generated by org.testng.reporters.JUnitReportReporter -->
<testsuite skipped="0" hostname="ELF34-MANOJSHETTY" name="test_Scripts.TestScript7" tests="1" failures="0" timestamp="18 Jun 2022 14:10:18 GMT" time="12.024" errors="0">
  <testcase name="testScript7" time="12.024" classname="test_Scripts.TestScript7"/>
</testsuite> <!-- test_Scripts.TestScript7 -->
