<?xml version="1.0" encoding="UTF-8"?>
<!-- Generated by org.testng.reporters.JUnitReportReporter -->
<testsuite skipped="0" hostname="ELF34-MANOJSHETTY" name="test_Scripts.T24" tests="1" failures="0" timestamp="19 Jun 2022 02:22:16 GMT" time="14.359" errors="0">
  <testcase name="testScrips24" time="14.359" classname="test_Scripts.T24"/>
</testsuite> <!-- test_Scripts.T24 -->
