<?xml version="1.0" encoding="UTF-8"?>
<!-- Generated by org.testng.reporters.JUnitReportReporter -->
<testsuite skipped="0" hostname="ELF34-MANOJSHETTY" name="test_Scripts.TestScript30" tests="1" failures="0" timestamp="20 Jun 2022 01:54:46 GMT" time="2.312" errors="0">
  <testcase name="testscript22" time="2.312" classname="test_Scripts.TestScript30"/>
</testsuite> <!-- test_Scripts.TestScript30 -->
