<?xml version="1.0" encoding="UTF-8"?>
<!-- Generated by org.testng.reporters.JUnitReportReporter -->
<testsuite skipped="0" hostname="ELF34-MANOJSHETTY" name="test_Scripts.TestScript3" tests="1" failures="0" timestamp="17 Jun 2022 07:52:43 GMT" time="5.935" errors="0">
  <testcase name="testScript3" time="5.935" classname="test_Scripts.TestScript3"/>
</testsuite> <!-- test_Scripts.TestScript3 -->
