<?xml version="1.0" encoding="UTF-8"?>
<!-- Generated by org.testng.reporters.JUnitReportReporter -->
<testsuite skipped="0" hostname="ELF34-MANOJSHETTY" name="test_Scripts.TestScript26" tests="1" failures="0" timestamp="20 Jun 2022 00:58:07 GMT" time="11.144" errors="0">
  <testcase name="testscript22" time="11.144" classname="test_Scripts.TestScript26"/>
</testsuite> <!-- test_Scripts.TestScript26 -->
