<?xml version="1.0" encoding="UTF-8"?>
<!-- Generated by org.testng.reporters.JUnitReportReporter -->
<testsuite skipped="0" hostname="ELF34-MANOJSHETTY" name="test_Scripts.Tscript_07" tests="1" failures="0" timestamp="18 Jun 2022 14:08:41 GMT" time="12.575" errors="0">
  <testcase name="testScript1" time="12.575" classname="test_Scripts.Tscript_07"/>
</testsuite> <!-- test_Scripts.Tscript_07 -->
