<?xml version="1.0" encoding="UTF-8"?>
<!-- Generated by org.testng.reporters.JUnitReportReporter -->
<testsuite skipped="0" hostname="ELF34-MANOJSHETTY" name="test_Scripts.TC_25" tests="1" failures="0" timestamp="19 Jun 2022 02:23:33 GMT" time="35.764" errors="0">
  <testcase name="testScrips24" time="35.764" classname="test_Scripts.TC_25"/>
</testsuite> <!-- test_Scripts.TC_25 -->
