<?xml version="1.0" encoding="UTF-8"?>
<!-- Generated by org.testng.reporters.JUnitReportReporter -->
<testsuite skipped="0" hostname="ELF34-MANOJSHETTY" name="test_Scripts.TestScript27" tests="1" failures="0" timestamp="20 Jun 2022 01:15:47 GMT" time="6.485" errors="0">
  <testcase name="testScript3" time="6.485" classname="test_Scripts.TestScript27"/>
</testsuite> <!-- test_Scripts.TestScript27 -->
